<?xml version="1.0" encoding="UTF-8"?>
<testng-results ignored="0" total="1" passed="1" failed="0" skipped="0">
  <reporter-output>
  </reporter-output>
  <suite started-at="2022-10-04T00:57:05 IST" name="Suite" finished-at="2022-10-04T00:57:21 IST" duration-ms="16829">
    <groups>
    </groups>
    <test started-at="2022-10-04T00:57:05 IST" name="Test" finished-at="2022-10-04T00:57:21 IST" duration-ms="16829">
      <class name="com.simplilearn.testng.NewTest">
        <test-method is-config="true" signature="beforeMethod()[pri:0, instance:com.simplilearn.testng.NewTest@4c163e3]" started-at="2022-10-04T00:57:05 IST" name="beforeMethod" finished-at="2022-10-04T00:57:07 IST" duration-ms="1922" status="PASS">
          <reporter-output>
          </reporter-output>
        </test-method> <!-- beforeMethod -->
        <test-method signature="oracle()[pri:0, instance:com.simplilearn.testng.NewTest@4c163e3]" started-at="2022-10-04T00:57:07 IST" name="oracle" finished-at="2022-10-04T00:57:21 IST" duration-ms="14849" status="PASS">
          <reporter-output>
          </reporter-output>
        </test-method> <!-- oracle -->
        <test-method is-config="true" signature="afterMethod()[pri:0, instance:com.simplilearn.testng.NewTest@4c163e3]" started-at="2022-10-04T00:57:21 IST" name="afterMethod" finished-at="2022-10-04T00:57:21 IST" duration-ms="1" status="PASS">
          <reporter-output>
          </reporter-output>
        </test-method> <!-- afterMethod -->
      </class> <!-- com.simplilearn.testng.NewTest -->
    </test> <!-- Test -->
  </suite> <!-- Suite -->
</testng-results>
